.next/types/validator.ts(53,39): error TS2307: Cannot find module '../../src/app/[locale]/(public)/biography/page.js' or its corresponding type declarations.
.next/types/validator.ts(98,39): error TS2307: Cannot find module '../../src/app/[locale]/(public)/journey/page.js' or its corresponding type declarations.
src/app/[locale]/admin/pages/page.tsx(15,24): error TS2307: Cannot find module 'date-fns' or its corresponding type declarations.
